<?xml version="1.0" encoding="UTF-8"?>
<testsuite xmlns:xsi="http://www.w3.org/2001/XMLSchema-instance" xsi:noNamespaceSchemaLocation="https://maven.apache.org/surefire/maven-surefire-plugin/xsd/surefire-test-report-3.0.xsd" version="3.0" name="io.memoria.reactive.eventsourcing.stream.CommandStreamImplTest" time="1.189" tests="1" errors="0" skipped="0" failures="0">
  <properties>
    <property name="java.specification.version" value="20"/>
    <property name="sun.jnu.encoding" value="UTF-8"/>
    <property name="java.class.path" value="/home/heisenberg/git/public/reactive/eventsourcing/target/test-classes:/home/heisenberg/git/public/reactive/eventsourcing/target/classes:/home/heisenberg/git/public/reactive/core/target/core-20.12.0.jar:/home/heisenberg/.m2/repository/io/memoria/atom/core/20.12.0/core-20.12.0.jar:/home/heisenberg/.m2/repository/io/vavr/vavr/0.10.4/vavr-0.10.4.jar:/home/heisenberg/.m2/repository/io/vavr/vavr-match/0.10.4/vavr-match-0.10.4.jar:/home/heisenberg/.m2/repository/com/github/f4b6a3/uuid-creator/5.2.0/uuid-creator-5.2.0.jar:/home/heisenberg/.m2/repository/io/projectreactor/reactor-core/3.5.5/reactor-core-3.5.5.jar:/home/heisenberg/.m2/repository/org/reactivestreams/reactive-streams/1.0.4/reactive-streams-1.0.4.jar:/home/heisenberg/.m2/repository/io/projectreactor/reactor-test/3.5.5/reactor-test-3.5.5.jar:/home/heisenberg/.m2/repository/org/awaitility/awaitility/4.2.0/awaitility-4.2.0.jar:/home/heisenberg/.m2/repository/org/hamcrest/hamcrest/2.1/hamcrest-2.1.jar:/home/heisenberg/.m2/repository/org/assertj/assertj-core/3.24.2/assertj-core-3.24.2.jar:/home/heisenberg/.m2/repository/net/bytebuddy/byte-buddy/1.12.21/byte-buddy-1.12.21.jar:/home/heisenberg/.m2/repository/org/apache/logging/log4j/log4j-api/2.20.0/log4j-api-2.20.0.jar:/home/heisenberg/.m2/repository/org/apache/logging/log4j/log4j-core/2.20.0/log4j-core-2.20.0.jar:/home/heisenberg/.m2/repository/org/apache/logging/log4j/log4j-slf4j2-impl/2.20.0/log4j-slf4j2-impl-2.20.0.jar:/home/heisenberg/.m2/repository/org/slf4j/slf4j-api/2.0.6/slf4j-api-2.0.6.jar:/home/heisenberg/.m2/repository/org/junit/jupiter/junit-jupiter-engine/5.9.2/junit-jupiter-engine-5.9.2.jar:/home/heisenberg/.m2/repository/org/junit/platform/junit-platform-engine/1.9.2/junit-platform-engine-1.9.2.jar:/home/heisenberg/.m2/repository/org/opentest4j/opentest4j/1.2.0/opentest4j-1.2.0.jar:/home/heisenberg/.m2/repository/org/junit/platform/junit-platform-commons/1.9.2/junit-platform-commons-1.9.2.jar:/home/heisenberg/.m2/repository/org/junit/jupiter/junit-jupiter-api/5.9.2/junit-jupiter-api-5.9.2.jar:/home/heisenberg/.m2/repository/org/apiguardian/apiguardian-api/1.1.2/apiguardian-api-1.1.2.jar:/home/heisenberg/.m2/repository/org/junit/jupiter/junit-jupiter-params/5.9.2/junit-jupiter-params-5.9.2.jar:"/>
    <property name="java.vm.vendor" value="Oracle Corporation"/>
    <property name="sun.arch.data.model" value="64"/>
    <property name="java.vendor.url" value="https://java.oracle.com/"/>
    <property name="user.timezone" value="Europe/Madrid"/>
    <property name="os.name" value="Linux"/>
    <property name="java.vm.specification.version" value="20"/>
    <property name="sun.java.launcher" value="SUN_STANDARD"/>
    <property name="user.country" value="US"/>
    <property name="sun.boot.library.path" value="/home/heisenberg/sources/jdk-20/lib"/>
    <property name="sun.java.command" value="/home/heisenberg/git/public/reactive/eventsourcing/target/surefire/surefirebooter-20230623015753628_6.jar /home/heisenberg/git/public/reactive/eventsourcing/target/surefire 2023-06-23T01-57-47_767-jvmRun1 surefire-20230623015753628_4tmp surefire_1-20230623015753628_5tmp"/>
    <property name="jdk.debug" value="release"/>
    <property name="surefire.test.class.path" value="/home/heisenberg/git/public/reactive/eventsourcing/target/test-classes:/home/heisenberg/git/public/reactive/eventsourcing/target/classes:/home/heisenberg/git/public/reactive/core/target/core-20.12.0.jar:/home/heisenberg/.m2/repository/io/memoria/atom/core/20.12.0/core-20.12.0.jar:/home/heisenberg/.m2/repository/io/vavr/vavr/0.10.4/vavr-0.10.4.jar:/home/heisenberg/.m2/repository/io/vavr/vavr-match/0.10.4/vavr-match-0.10.4.jar:/home/heisenberg/.m2/repository/com/github/f4b6a3/uuid-creator/5.2.0/uuid-creator-5.2.0.jar:/home/heisenberg/.m2/repository/io/projectreactor/reactor-core/3.5.5/reactor-core-3.5.5.jar:/home/heisenberg/.m2/repository/org/reactivestreams/reactive-streams/1.0.4/reactive-streams-1.0.4.jar:/home/heisenberg/.m2/repository/io/projectreactor/reactor-test/3.5.5/reactor-test-3.5.5.jar:/home/heisenberg/.m2/repository/org/awaitility/awaitility/4.2.0/awaitility-4.2.0.jar:/home/heisenberg/.m2/repository/org/hamcrest/hamcrest/2.1/hamcrest-2.1.jar:/home/heisenberg/.m2/repository/org/assertj/assertj-core/3.24.2/assertj-core-3.24.2.jar:/home/heisenberg/.m2/repository/net/bytebuddy/byte-buddy/1.12.21/byte-buddy-1.12.21.jar:/home/heisenberg/.m2/repository/org/apache/logging/log4j/log4j-api/2.20.0/log4j-api-2.20.0.jar:/home/heisenberg/.m2/repository/org/apache/logging/log4j/log4j-core/2.20.0/log4j-core-2.20.0.jar:/home/heisenberg/.m2/repository/org/apache/logging/log4j/log4j-slf4j2-impl/2.20.0/log4j-slf4j2-impl-2.20.0.jar:/home/heisenberg/.m2/repository/org/slf4j/slf4j-api/2.0.6/slf4j-api-2.0.6.jar:/home/heisenberg/.m2/repository/org/junit/jupiter/junit-jupiter-engine/5.9.2/junit-jupiter-engine-5.9.2.jar:/home/heisenberg/.m2/repository/org/junit/platform/junit-platform-engine/1.9.2/junit-platform-engine-1.9.2.jar:/home/heisenberg/.m2/repository/org/opentest4j/opentest4j/1.2.0/opentest4j-1.2.0.jar:/home/heisenberg/.m2/repository/org/junit/platform/junit-platform-commons/1.9.2/junit-platform-commons-1.9.2.jar:/home/heisenberg/.m2/repository/org/junit/jupiter/junit-jupiter-api/5.9.2/junit-jupiter-api-5.9.2.jar:/home/heisenberg/.m2/repository/org/apiguardian/apiguardian-api/1.1.2/apiguardian-api-1.1.2.jar:/home/heisenberg/.m2/repository/org/junit/jupiter/junit-jupiter-params/5.9.2/junit-jupiter-params-5.9.2.jar:"/>
    <property name="sun.cpu.endian" value="little"/>
    <property name="user.home" value="/home/heisenberg"/>
    <property name="user.language" value="en"/>
    <property name="java.specification.vendor" value="Oracle Corporation"/>
    <property name="java.version.date" value="2023-03-21"/>
    <property name="java.home" value="/home/heisenberg/sources/jdk-20"/>
    <property name="file.separator" value="/"/>
    <property name="basedir" value="/home/heisenberg/git/public/reactive/eventsourcing"/>
    <property name="java.vm.compressedOopsMode" value="Zero based"/>
    <property name="line.separator" value="&#10;"/>
    <property name="java.specification.name" value="Java Platform API Specification"/>
    <property name="java.vm.specification.vendor" value="Oracle Corporation"/>
    <property name="surefire.real.class.path" value="/home/heisenberg/git/public/reactive/eventsourcing/target/surefire/surefirebooter-20230623015753628_6.jar"/>
    <property name="sun.management.compiler" value="HotSpot 64-Bit Tiered Compilers"/>
    <property name="java.runtime.version" value="20+36-2344"/>
    <property name="user.name" value="heisenberg"/>
    <property name="stdout.encoding" value="UTF-8"/>
    <property name="path.separator" value=":"/>
    <property name="os.version" value="5.10.0-21-amd64"/>
    <property name="java.runtime.name" value="OpenJDK Runtime Environment"/>
    <property name="file.encoding" value="UTF-8"/>
    <property name="java.vm.name" value="OpenJDK 64-Bit Server VM"/>
    <property name="localRepository" value="/home/heisenberg/.m2/repository"/>
    <property name="java.vendor.url.bug" value="https://bugreport.java.com/bugreport/"/>
    <property name="java.io.tmpdir" value="/tmp"/>
    <property name="java.version" value="20"/>
    <property name="user.dir" value="/home/heisenberg/git/public/reactive/eventsourcing"/>
    <property name="os.arch" value="amd64"/>
    <property name="java.vm.specification.name" value="Java Virtual Machine Specification"/>
    <property name="native.encoding" value="UTF-8"/>
    <property name="java.library.path" value="/usr/java/packages/lib:/usr/lib64:/lib64:/lib:/usr/lib"/>
    <property name="java.vm.info" value="mixed mode, sharing"/>
    <property name="stderr.encoding" value="UTF-8"/>
    <property name="java.vendor" value="Oracle Corporation"/>
    <property name="java.vm.version" value="20+36-2344"/>
    <property name="sun.io.unicode.encoding" value="UnicodeLittle"/>
    <property name="java.class.version" value="64.0"/>
  </properties>
  <testcase name="publishAndSubscribe" classname="io.memoria.reactive.eventsourcing.stream.CommandStreamImplTest" time="1.161"/>
</testsuite>