<?xml version="1.0" encoding="UTF-8"?>
<testsuite xmlns:xsi="http://www.w3.org/2001/XMLSchema-instance" xsi:noNamespaceSchemaLocation="https://maven.apache.org/surefire/maven-surefire-plugin/xsd/surefire-test-report-3.0.xsd" version="3.0" name="io.memoria.reactive.etcd.EtcdKVStoreTest" time="4.958" tests="2" errors="0" skipped="0" failures="0">
  <properties>
    <property name="java.specification.version" value="20"/>
    <property name="sun.jnu.encoding" value="UTF-8"/>
    <property name="java.class.path" value="/home/heisenberg/git/public/reactive/etcd/target/test-classes:/home/heisenberg/git/public/reactive/etcd/target/classes:/home/heisenberg/git/public/reactive/core/target/core-20.12.0.jar:/home/heisenberg/.m2/repository/io/etcd/jetcd-core/0.7.5/jetcd-core-0.7.5.jar:/home/heisenberg/.m2/repository/io/etcd/jetcd-grpc/0.7.5/jetcd-grpc-0.7.5.jar:/home/heisenberg/.m2/repository/io/vertx/vertx-grpc/4.3.5/vertx-grpc-4.3.5.jar:/home/heisenberg/.m2/repository/io/vertx/vertx-core/4.3.5/vertx-core-4.3.5.jar:/home/heisenberg/.m2/repository/io/netty/netty-common/4.1.85.Final/netty-common-4.1.85.Final.jar:/home/heisenberg/.m2/repository/io/netty/netty-buffer/4.1.85.Final/netty-buffer-4.1.85.Final.jar:/home/heisenberg/.m2/repository/io/netty/netty-transport/4.1.85.Final/netty-transport-4.1.85.Final.jar:/home/heisenberg/.m2/repository/io/netty/netty-handler/4.1.85.Final/netty-handler-4.1.85.Final.jar:/home/heisenberg/.m2/repository/io/netty/netty-codec-http/4.1.85.Final/netty-codec-http-4.1.85.Final.jar:/home/heisenberg/.m2/repository/io/netty/netty-resolver/4.1.85.Final/netty-resolver-4.1.85.Final.jar:/home/heisenberg/.m2/repository/io/netty/netty-resolver-dns/4.1.85.Final/netty-resolver-dns-4.1.85.Final.jar:/home/heisenberg/.m2/repository/io/netty/netty-codec-dns/4.1.85.Final/netty-codec-dns-4.1.85.Final.jar:/home/heisenberg/.m2/repository/com/fasterxml/jackson/core/jackson-core/2.14.0/jackson-core-2.14.0.jar:/home/heisenberg/.m2/repository/javax/annotation/javax.annotation-api/1.3.2/javax.annotation-api-1.3.2.jar:/home/heisenberg/.m2/repository/com/google/guava/guava/31.1-jre/guava-31.1-jre.jar:/home/heisenberg/.m2/repository/com/google/guava/failureaccess/1.0.1/failureaccess-1.0.1.jar:/home/heisenberg/.m2/repository/com/google/guava/listenablefuture/9999.0-empty-to-avoid-conflict-with-guava/listenablefuture-9999.0-empty-to-avoid-conflict-with-guava.jar:/home/heisenberg/.m2/repository/org/checkerframework/checker-qual/3.12.0/checker-qual-3.12.0.jar:/home/heisenberg/.m2/repository/io/grpc/grpc-core/1.51.0/grpc-core-1.51.0.jar:/home/heisenberg/.m2/repository/io/grpc/grpc-api/1.51.0/grpc-api-1.51.0.jar:/home/heisenberg/.m2/repository/io/grpc/grpc-context/1.51.0/grpc-context-1.51.0.jar:/home/heisenberg/.m2/repository/io/perfmark/perfmark-api/0.25.0/perfmark-api-0.25.0.jar:/home/heisenberg/.m2/repository/io/grpc/grpc-netty/1.51.0/grpc-netty-1.51.0.jar:/home/heisenberg/.m2/repository/io/netty/netty-codec-http2/4.1.79.Final/netty-codec-http2-4.1.79.Final.jar:/home/heisenberg/.m2/repository/io/netty/netty-codec/4.1.79.Final/netty-codec-4.1.79.Final.jar:/home/heisenberg/.m2/repository/io/netty/netty-handler-proxy/4.1.79.Final/netty-handler-proxy-4.1.79.Final.jar:/home/heisenberg/.m2/repository/io/netty/netty-codec-socks/4.1.79.Final/netty-codec-socks-4.1.79.Final.jar:/home/heisenberg/.m2/repository/io/netty/netty-transport-native-unix-common/4.1.79.Final/netty-transport-native-unix-common-4.1.79.Final.jar:/home/heisenberg/.m2/repository/io/grpc/grpc-protobuf/1.51.0/grpc-protobuf-1.51.0.jar:/home/heisenberg/.m2/repository/com/google/protobuf/protobuf-java/3.21.7/protobuf-java-3.21.7.jar:/home/heisenberg/.m2/repository/com/google/api/grpc/proto-google-common-protos/2.9.0/proto-google-common-protos-2.9.0.jar:/home/heisenberg/.m2/repository/io/grpc/grpc-protobuf-lite/1.51.0/grpc-protobuf-lite-1.51.0.jar:/home/heisenberg/.m2/repository/io/grpc/grpc-stub/1.51.0/grpc-stub-1.51.0.jar:/home/heisenberg/.m2/repository/io/grpc/grpc-grpclb/1.51.0/grpc-grpclb-1.51.0.jar:/home/heisenberg/.m2/repository/com/google/protobuf/protobuf-java-util/3.21.7/protobuf-java-util-3.21.7.jar:/home/heisenberg/.m2/repository/io/etcd/jetcd-api/0.7.5/jetcd-api-0.7.5.jar:/home/heisenberg/.m2/repository/io/etcd/jetcd-common/0.7.5/jetcd-common-0.7.5.jar:/home/heisenberg/.m2/repository/org/slf4j/slf4j-api/2.0.5/slf4j-api-2.0.5.jar:/home/heisenberg/.m2/repository/net/jodah/failsafe/2.4.4/failsafe-2.4.4.jar:/home/heisenberg/.m2/repository/io/memoria/atom/core/20.11.0/core-20.11.0.jar:/home/heisenberg/.m2/repository/io/vavr/vavr/0.10.4/vavr-0.10.4.jar:/home/heisenberg/.m2/repository/io/vavr/vavr-match/0.10.4/vavr-match-0.10.4.jar:/home/heisenberg/.m2/repository/com/github/f4b6a3/uuid-creator/5.2.0/uuid-creator-5.2.0.jar:/home/heisenberg/.m2/repository/io/projectreactor/reactor-core/3.5.4/reactor-core-3.5.4.jar:/home/heisenberg/.m2/repository/org/reactivestreams/reactive-streams/1.0.4/reactive-streams-1.0.4.jar:/home/heisenberg/.m2/repository/io/projectreactor/reactor-test/3.5.4/reactor-test-3.5.4.jar:/home/heisenberg/.m2/repository/org/awaitility/awaitility/4.2.0/awaitility-4.2.0.jar:/home/heisenberg/.m2/repository/org/hamcrest/hamcrest/2.1/hamcrest-2.1.jar:/home/heisenberg/.m2/repository/org/assertj/assertj-core/3.24.2/assertj-core-3.24.2.jar:/home/heisenberg/.m2/repository/net/bytebuddy/byte-buddy/1.12.21/byte-buddy-1.12.21.jar:/home/heisenberg/.m2/repository/org/apache/logging/log4j/log4j-api/2.20.0/log4j-api-2.20.0.jar:/home/heisenberg/.m2/repository/org/apache/logging/log4j/log4j-core/2.20.0/log4j-core-2.20.0.jar:/home/heisenberg/.m2/repository/org/apache/logging/log4j/log4j-slf4j2-impl/2.20.0/log4j-slf4j2-impl-2.20.0.jar:/home/heisenberg/.m2/repository/org/junit/jupiter/junit-jupiter-engine/5.9.2/junit-jupiter-engine-5.9.2.jar:/home/heisenberg/.m2/repository/org/junit/platform/junit-platform-engine/1.9.2/junit-platform-engine-1.9.2.jar:/home/heisenberg/.m2/repository/org/opentest4j/opentest4j/1.2.0/opentest4j-1.2.0.jar:/home/heisenberg/.m2/repository/org/junit/platform/junit-platform-commons/1.9.2/junit-platform-commons-1.9.2.jar:/home/heisenberg/.m2/repository/org/junit/jupiter/junit-jupiter-api/5.9.2/junit-jupiter-api-5.9.2.jar:/home/heisenberg/.m2/repository/org/apiguardian/apiguardian-api/1.1.2/apiguardian-api-1.1.2.jar:/home/heisenberg/.m2/repository/org/junit/jupiter/junit-jupiter-params/5.9.2/junit-jupiter-params-5.9.2.jar:"/>
    <property name="java.vm.vendor" value="Oracle Corporation"/>
    <property name="sun.arch.data.model" value="64"/>
    <property name="java.vendor.url" value="https://java.oracle.com/"/>
    <property name="user.timezone" value="Europe/Madrid"/>
    <property name="os.name" value="Linux"/>
    <property name="java.vm.specification.version" value="20"/>
    <property name="sun.java.launcher" value="SUN_STANDARD"/>
    <property name="user.country" value="US"/>
    <property name="sun.boot.library.path" value="/home/heisenberg/sources/jdk-20/lib"/>
    <property name="sun.java.command" value="/home/heisenberg/git/public/reactive/etcd/target/surefire/surefirebooter-20230605222043302_9.jar /home/heisenberg/git/public/reactive/etcd/target/surefire 2023-06-05T22-20-32_072-jvmRun1 surefire-20230605222043302_7tmp surefire_2-20230605222043302_8tmp"/>
    <property name="jdk.debug" value="release"/>
    <property name="surefire.test.class.path" value="/home/heisenberg/git/public/reactive/etcd/target/test-classes:/home/heisenberg/git/public/reactive/etcd/target/classes:/home/heisenberg/git/public/reactive/core/target/core-20.12.0.jar:/home/heisenberg/.m2/repository/io/etcd/jetcd-core/0.7.5/jetcd-core-0.7.5.jar:/home/heisenberg/.m2/repository/io/etcd/jetcd-grpc/0.7.5/jetcd-grpc-0.7.5.jar:/home/heisenberg/.m2/repository/io/vertx/vertx-grpc/4.3.5/vertx-grpc-4.3.5.jar:/home/heisenberg/.m2/repository/io/vertx/vertx-core/4.3.5/vertx-core-4.3.5.jar:/home/heisenberg/.m2/repository/io/netty/netty-common/4.1.85.Final/netty-common-4.1.85.Final.jar:/home/heisenberg/.m2/repository/io/netty/netty-buffer/4.1.85.Final/netty-buffer-4.1.85.Final.jar:/home/heisenberg/.m2/repository/io/netty/netty-transport/4.1.85.Final/netty-transport-4.1.85.Final.jar:/home/heisenberg/.m2/repository/io/netty/netty-handler/4.1.85.Final/netty-handler-4.1.85.Final.jar:/home/heisenberg/.m2/repository/io/netty/netty-codec-http/4.1.85.Final/netty-codec-http-4.1.85.Final.jar:/home/heisenberg/.m2/repository/io/netty/netty-resolver/4.1.85.Final/netty-resolver-4.1.85.Final.jar:/home/heisenberg/.m2/repository/io/netty/netty-resolver-dns/4.1.85.Final/netty-resolver-dns-4.1.85.Final.jar:/home/heisenberg/.m2/repository/io/netty/netty-codec-dns/4.1.85.Final/netty-codec-dns-4.1.85.Final.jar:/home/heisenberg/.m2/repository/com/fasterxml/jackson/core/jackson-core/2.14.0/jackson-core-2.14.0.jar:/home/heisenberg/.m2/repository/javax/annotation/javax.annotation-api/1.3.2/javax.annotation-api-1.3.2.jar:/home/heisenberg/.m2/repository/com/google/guava/guava/31.1-jre/guava-31.1-jre.jar:/home/heisenberg/.m2/repository/com/google/guava/failureaccess/1.0.1/failureaccess-1.0.1.jar:/home/heisenberg/.m2/repository/com/google/guava/listenablefuture/9999.0-empty-to-avoid-conflict-with-guava/listenablefuture-9999.0-empty-to-avoid-conflict-with-guava.jar:/home/heisenberg/.m2/repository/org/checkerframework/checker-qual/3.12.0/checker-qual-3.12.0.jar:/home/heisenberg/.m2/repository/io/grpc/grpc-core/1.51.0/grpc-core-1.51.0.jar:/home/heisenberg/.m2/repository/io/grpc/grpc-api/1.51.0/grpc-api-1.51.0.jar:/home/heisenberg/.m2/repository/io/grpc/grpc-context/1.51.0/grpc-context-1.51.0.jar:/home/heisenberg/.m2/repository/io/perfmark/perfmark-api/0.25.0/perfmark-api-0.25.0.jar:/home/heisenberg/.m2/repository/io/grpc/grpc-netty/1.51.0/grpc-netty-1.51.0.jar:/home/heisenberg/.m2/repository/io/netty/netty-codec-http2/4.1.79.Final/netty-codec-http2-4.1.79.Final.jar:/home/heisenberg/.m2/repository/io/netty/netty-codec/4.1.79.Final/netty-codec-4.1.79.Final.jar:/home/heisenberg/.m2/repository/io/netty/netty-handler-proxy/4.1.79.Final/netty-handler-proxy-4.1.79.Final.jar:/home/heisenberg/.m2/repository/io/netty/netty-codec-socks/4.1.79.Final/netty-codec-socks-4.1.79.Final.jar:/home/heisenberg/.m2/repository/io/netty/netty-transport-native-unix-common/4.1.79.Final/netty-transport-native-unix-common-4.1.79.Final.jar:/home/heisenberg/.m2/repository/io/grpc/grpc-protobuf/1.51.0/grpc-protobuf-1.51.0.jar:/home/heisenberg/.m2/repository/com/google/protobuf/protobuf-java/3.21.7/protobuf-java-3.21.7.jar:/home/heisenberg/.m2/repository/com/google/api/grpc/proto-google-common-protos/2.9.0/proto-google-common-protos-2.9.0.jar:/home/heisenberg/.m2/repository/io/grpc/grpc-protobuf-lite/1.51.0/grpc-protobuf-lite-1.51.0.jar:/home/heisenberg/.m2/repository/io/grpc/grpc-stub/1.51.0/grpc-stub-1.51.0.jar:/home/heisenberg/.m2/repository/io/grpc/grpc-grpclb/1.51.0/grpc-grpclb-1.51.0.jar:/home/heisenberg/.m2/repository/com/google/protobuf/protobuf-java-util/3.21.7/protobuf-java-util-3.21.7.jar:/home/heisenberg/.m2/repository/io/etcd/jetcd-api/0.7.5/jetcd-api-0.7.5.jar:/home/heisenberg/.m2/repository/io/etcd/jetcd-common/0.7.5/jetcd-common-0.7.5.jar:/home/heisenberg/.m2/repository/org/slf4j/slf4j-api/2.0.5/slf4j-api-2.0.5.jar:/home/heisenberg/.m2/repository/net/jodah/failsafe/2.4.4/failsafe-2.4.4.jar:/home/heisenberg/.m2/repository/io/memoria/atom/core/20.11.0/core-20.11.0.jar:/home/heisenberg/.m2/repository/io/vavr/vavr/0.10.4/vavr-0.10.4.jar:/home/heisenberg/.m2/repository/io/vavr/vavr-match/0.10.4/vavr-match-0.10.4.jar:/home/heisenberg/.m2/repository/com/github/f4b6a3/uuid-creator/5.2.0/uuid-creator-5.2.0.jar:/home/heisenberg/.m2/repository/io/projectreactor/reactor-core/3.5.4/reactor-core-3.5.4.jar:/home/heisenberg/.m2/repository/org/reactivestreams/reactive-streams/1.0.4/reactive-streams-1.0.4.jar:/home/heisenberg/.m2/repository/io/projectreactor/reactor-test/3.5.4/reactor-test-3.5.4.jar:/home/heisenberg/.m2/repository/org/awaitility/awaitility/4.2.0/awaitility-4.2.0.jar:/home/heisenberg/.m2/repository/org/hamcrest/hamcrest/2.1/hamcrest-2.1.jar:/home/heisenberg/.m2/repository/org/assertj/assertj-core/3.24.2/assertj-core-3.24.2.jar:/home/heisenberg/.m2/repository/net/bytebuddy/byte-buddy/1.12.21/byte-buddy-1.12.21.jar:/home/heisenberg/.m2/repository/org/apache/logging/log4j/log4j-api/2.20.0/log4j-api-2.20.0.jar:/home/heisenberg/.m2/repository/org/apache/logging/log4j/log4j-core/2.20.0/log4j-core-2.20.0.jar:/home/heisenberg/.m2/repository/org/apache/logging/log4j/log4j-slf4j2-impl/2.20.0/log4j-slf4j2-impl-2.20.0.jar:/home/heisenberg/.m2/repository/org/junit/jupiter/junit-jupiter-engine/5.9.2/junit-jupiter-engine-5.9.2.jar:/home/heisenberg/.m2/repository/org/junit/platform/junit-platform-engine/1.9.2/junit-platform-engine-1.9.2.jar:/home/heisenberg/.m2/repository/org/opentest4j/opentest4j/1.2.0/opentest4j-1.2.0.jar:/home/heisenberg/.m2/repository/org/junit/platform/junit-platform-commons/1.9.2/junit-platform-commons-1.9.2.jar:/home/heisenberg/.m2/repository/org/junit/jupiter/junit-jupiter-api/5.9.2/junit-jupiter-api-5.9.2.jar:/home/heisenberg/.m2/repository/org/apiguardian/apiguardian-api/1.1.2/apiguardian-api-1.1.2.jar:/home/heisenberg/.m2/repository/org/junit/jupiter/junit-jupiter-params/5.9.2/junit-jupiter-params-5.9.2.jar:"/>
    <property name="sun.cpu.endian" value="little"/>
    <property name="user.home" value="/home/heisenberg"/>
    <property name="user.language" value="en"/>
    <property name="java.specification.vendor" value="Oracle Corporation"/>
    <property name="java.version.date" value="2023-03-21"/>
    <property name="java.home" value="/home/heisenberg/sources/jdk-20"/>
    <property name="file.separator" value="/"/>
    <property name="basedir" value="/home/heisenberg/git/public/reactive/etcd"/>
    <property name="java.vm.compressedOopsMode" value="Zero based"/>
    <property name="line.separator" value="&#10;"/>
    <property name="java.specification.name" value="Java Platform API Specification"/>
    <property name="java.vm.specification.vendor" value="Oracle Corporation"/>
    <property name="surefire.real.class.path" value="/home/heisenberg/git/public/reactive/etcd/target/surefire/surefirebooter-20230605222043302_9.jar"/>
    <property name="sun.management.compiler" value="HotSpot 64-Bit Tiered Compilers"/>
    <property name="java.runtime.version" value="20+36-2344"/>
    <property name="user.name" value="heisenberg"/>
    <property name="stdout.encoding" value="UTF-8"/>
    <property name="path.separator" value=":"/>
    <property name="os.version" value="5.10.0-21-amd64"/>
    <property name="java.runtime.name" value="OpenJDK Runtime Environment"/>
    <property name="file.encoding" value="UTF-8"/>
    <property name="java.vm.name" value="OpenJDK 64-Bit Server VM"/>
    <property name="localRepository" value="/home/heisenberg/.m2/repository"/>
    <property name="java.vendor.url.bug" value="https://bugreport.java.com/bugreport/"/>
    <property name="java.io.tmpdir" value="/tmp"/>
    <property name="java.version" value="20"/>
    <property name="user.dir" value="/home/heisenberg/git/public/reactive/etcd"/>
    <property name="os.arch" value="amd64"/>
    <property name="java.vm.specification.name" value="Java Virtual Machine Specification"/>
    <property name="native.encoding" value="UTF-8"/>
    <property name="java.library.path" value="/usr/java/packages/lib:/usr/lib64:/lib64:/lib:/usr/lib"/>
    <property name="java.vm.info" value="mixed mode, sharing"/>
    <property name="stderr.encoding" value="UTF-8"/>
    <property name="java.vendor" value="Oracle Corporation"/>
    <property name="java.vm.version" value="20+36-2344"/>
    <property name="sun.io.unicode.encoding" value="UnicodeLittle"/>
    <property name="java.class.version" value="64.0"/>
  </properties>
  <testcase name="getAndPut" classname="io.memoria.reactive.etcd.EtcdKVStoreTest" time="4.035"/>
  <testcase name="notFound" classname="io.memoria.reactive.etcd.EtcdKVStoreTest" time="0.001"/>
</testsuite>